<?xml version="1.0" encoding="UTF-8"?>
<testsuite xmlns:xsi="http://www.w3.org/2001/XMLSchema-instance" xsi:noNamespaceSchemaLocation="https://maven.apache.org/surefire/maven-surefire-plugin/xsd/surefire-test-report.xsd" name="TestSuite" time="71.698" tests="7" errors="0" skipped="0" failures="0">
  <properties>
[...]
</properties>
  <testcase name="loginTest" classname="com.inetbanking.testCases.TC_LoginTest_001" time="1.551"/>
  <testcase name="loginDDT" classname="com.inetbanking.testCases.TC_LoginDDT_002" time="5.749"/>
  <testcase name="loginDDT" classname="com.inetbanking.testCases.TC_LoginDDT_002" time="5.01"/>
  <testcase name="loginDDT" classname="com.inetbanking.testCases.TC_LoginDDT_002" time="10.406"/>
  <testcase name="loginDDT" classname="com.inetbanking.testCases.TC_LoginDDT_002" time="6.898"/>
  <testcase name="loginDDT" classname="com.inetbanking.testCases.TC_LoginDDT_002" time="5.083"/>
  <testcase name="addNewCustomer" classname="com.inetbanking.testCases.TC_AddCustomerTest_003" time="16.641"/>
</testsuite>